2023-08-26 14:33:10,161 INFO o.a.j.u.JMeterUtils: Setting Locale to en_EN
2023-08-26 14:33:10,172 INFO o.a.j.JMeter: Loading user properties from: /root/download/apache-jmeter-5.6.2/bin/user.properties
2023-08-26 14:33:10,172 INFO o.a.j.JMeter: Loading system properties from: /root/download/apache-jmeter-5.6.2/bin/system.properties
2023-08-26 14:33:10,172 INFO o.a.j.JMeter: Setting JMeter property: INDEX_NAME=test_high_cardinality_compressed1
2023-08-26 14:33:10,172 INFO o.a.j.JMeter: Setting JMeter property: OUTPUT_LOOKUP_FILE=aws_g_700M.csv
2023-08-26 14:33:10,172 INFO o.a.j.JMeter: Setting JMeter property: IO_LIMIT=700M
2023-08-26 14:33:10,172 INFO o.a.j.JMeter: Setting JMeter property: CACHED=cached
2023-08-26 14:33:10,173 INFO o.a.j.JMeter: Setting JMeter property: RECREATE_LOOKUP=false
2023-08-26 14:33:10,173 INFO o.a.j.JMeter: Setting JMeter property: EARLIEST=01/10/2023:06:00:00
2023-08-26 14:33:10,173 INFO o.a.j.JMeter: Setting JMeter property: LATEST=01/12/2023:22:00:00
2023-08-26 14:33:10,177 INFO o.a.j.JMeter: Copyright (c) 1998-2023 The Apache Software Foundation
2023-08-26 14:33:10,177 INFO o.a.j.JMeter: Version 5.6.2
2023-08-26 14:33:10,177 INFO o.a.j.JMeter: java.version=1.8.0_382
2023-08-26 14:33:10,177 INFO o.a.j.JMeter: java.vm.name=OpenJDK 64-Bit Server VM
2023-08-26 14:33:10,177 INFO o.a.j.JMeter: os.name=Linux
2023-08-26 14:33:10,177 INFO o.a.j.JMeter: os.arch=amd64
2023-08-26 14:33:10,177 INFO o.a.j.JMeter: os.version=6.1.38-59.109.amzn2023.x86_64
2023-08-26 14:33:10,177 INFO o.a.j.JMeter: file.encoding=UTF-8
2023-08-26 14:33:10,177 INFO o.a.j.JMeter: java.awt.headless=true
2023-08-26 14:33:10,177 INFO o.a.j.JMeter: Max memory     =1073741824
2023-08-26 14:33:10,177 INFO o.a.j.JMeter: Available Processors =24
2023-08-26 14:33:10,181 INFO o.a.j.JMeter: Default Locale=English (EN)
2023-08-26 14:33:10,181 INFO o.a.j.JMeter: JMeter  Locale=English (EN)
2023-08-26 14:33:10,182 INFO o.a.j.JMeter: JMeterHome=/root/download/apache-jmeter-5.6.2
2023-08-26 14:33:10,182 INFO o.a.j.JMeter: user.dir  =/home/ec2-user/s2-iotesting
2023-08-26 14:33:10,182 INFO o.a.j.JMeter: PWD       =/home/ec2-user/s2-iotesting
2023-08-26 14:33:10,182 INFO o.a.j.JMeter: IP: 172.31.15.178 Name: ip-172-31-15-178.ec2.internal FullName: ip-172-31-15-178.ec2.internal
2023-08-26 14:33:10,198 INFO o.a.j.s.FileServer: Default base='/home/ec2-user/s2-iotesting'
2023-08-26 14:33:10,199 INFO o.a.j.s.FileServer: Set new base='/home/ec2-user/s2-iotesting'
2023-08-26 14:33:10,305 INFO o.a.j.s.SaveService: Testplan (JMX) version: 2.2. Testlog (JTL) version: 2.2
2023-08-26 14:33:10,319 INFO o.a.j.s.SaveService: Using SaveService properties file encoding UTF-8
2023-08-26 14:33:10,323 INFO o.a.j.s.SaveService: Using SaveService properties version 5.0
2023-08-26 14:33:10,329 INFO o.a.j.s.SaveService: Loading file: jmeter-s2-searches.jmx
2023-08-26 14:33:10,577 INFO o.a.j.p.h.s.HTTPSamplerBase: Parser for text/html is org.apache.jmeter.protocol.http.parser.LagartoBasedHtmlParser
2023-08-26 14:33:10,577 INFO o.a.j.p.h.s.HTTPSamplerBase: Parser for application/xhtml+xml is org.apache.jmeter.protocol.http.parser.LagartoBasedHtmlParser
2023-08-26 14:33:10,577 INFO o.a.j.p.h.s.HTTPSamplerBase: Parser for application/xml is org.apache.jmeter.protocol.http.parser.LagartoBasedHtmlParser
2023-08-26 14:33:10,577 INFO o.a.j.p.h.s.HTTPSamplerBase: Parser for text/xml is org.apache.jmeter.protocol.http.parser.LagartoBasedHtmlParser
2023-08-26 14:33:10,577 INFO o.a.j.p.h.s.HTTPSamplerBase: Parser for text/vnd.wap.wml is org.apache.jmeter.protocol.http.parser.RegexpHTMLParser
2023-08-26 14:33:10,577 INFO o.a.j.p.h.s.HTTPSamplerBase: Parser for text/css is org.apache.jmeter.protocol.http.parser.CssParser
2023-08-26 14:33:10,847 INFO o.a.j.JMeter: Creating summariser <summary>
2023-08-26 14:33:10,855 INFO o.a.j.e.StandardJMeterEngine: Running the test!
2023-08-26 14:33:10,855 INFO o.a.j.s.SampleEvent: List of sample_variables: []
2023-08-26 14:33:10,855 INFO o.a.j.s.SampleEvent: List of sample_variables: []
2023-08-26 14:33:10,860 INFO o.a.j.e.u.CompoundVariable: Note: Function class names must contain the string: '.functions.'
2023-08-26 14:33:10,860 INFO o.a.j.e.u.CompoundVariable: Note: Function class names must not contain the string: '.gui.'
2023-08-26 14:33:11,070 INFO o.a.j.JMeter: Running test (1693060391070)
2023-08-26 14:33:11,072 INFO o.a.j.e.StandardJMeterEngine: Starting setUp thread groups
2023-08-26 14:33:11,072 INFO o.a.j.e.StandardJMeterEngine: Starting setUp ThreadGroup: 1 : setUp Thread Group 
2023-08-26 14:33:11,072 INFO o.a.j.e.StandardJMeterEngine: Starting 1 threads for group setUp Thread Group.
2023-08-26 14:33:11,072 INFO o.a.j.e.StandardJMeterEngine: Thread will continue on error
2023-08-26 14:33:11,073 INFO o.a.j.t.ThreadGroup: Starting thread group... number=1 threads=1 ramp-up=1 delayedStart=false
2023-08-26 14:33:11,076 INFO o.a.j.t.ThreadGroup: Started thread group number 1
2023-08-26 14:33:11,076 INFO o.a.j.e.StandardJMeterEngine: Waiting for all setup thread groups to exit
2023-08-26 14:33:11,079 INFO o.a.j.t.JMeterThread: Thread started: setUp Thread Group 1-1
2023-08-26 14:33:11,096 INFO o.a.j.t.JMeterThread: Thread is done: setUp Thread Group 1-1
2023-08-26 14:33:11,096 INFO o.a.j.t.JMeterThread: Thread finished: setUp Thread Group 1-1
2023-08-26 14:33:11,096 INFO o.a.j.e.StandardJMeterEngine: All Setup Threads have ended
2023-08-26 14:33:11,143 INFO o.a.j.e.StandardJMeterEngine: Starting ThreadGroup: 1 : Thread Group 1 -  rare-exact
2023-08-26 14:33:11,144 INFO o.a.j.e.StandardJMeterEngine: Starting 1 threads for group Thread Group 1 -  rare-exact.
2023-08-26 14:33:11,144 INFO o.a.j.e.StandardJMeterEngine: Thread will continue on error
2023-08-26 14:33:11,144 INFO o.a.j.t.ThreadGroup: Starting thread group... number=1 threads=1 ramp-up=1 delayedStart=false
2023-08-26 14:33:11,145 INFO o.a.j.t.ThreadGroup: Started thread group number 1
2023-08-26 14:33:11,145 INFO o.a.j.e.StandardJMeterEngine: Starting ThreadGroup: 2 : Thread Group 2 - rare-wildcard
2023-08-26 14:33:11,145 INFO o.a.j.e.StandardJMeterEngine: Starting 1 threads for group Thread Group 2 - rare-wildcard.
2023-08-26 14:33:11,145 INFO o.a.j.e.StandardJMeterEngine: Thread will continue on error
2023-08-26 14:33:11,145 INFO o.a.j.t.ThreadGroup: Starting thread group... number=2 threads=1 ramp-up=1 delayedStart=false
2023-08-26 14:33:11,145 INFO o.a.j.t.JMeterThread: Thread started: Thread Group 1 -  rare-exact 1-1
2023-08-26 14:33:11,146 INFO o.a.j.t.ThreadGroup: Started thread group number 2
2023-08-26 14:33:11,146 INFO o.a.j.e.StandardJMeterEngine: Starting ThreadGroup: 3 : Thread Group 3- tstats1
2023-08-26 14:33:11,146 INFO o.a.j.e.StandardJMeterEngine: Starting 1 threads for group Thread Group 3- tstats1.
2023-08-26 14:33:11,146 INFO o.a.j.e.StandardJMeterEngine: Thread will continue on error
2023-08-26 14:33:11,146 INFO o.a.j.t.ThreadGroup: Starting thread group... number=3 threads=1 ramp-up=1 delayedStart=false
2023-08-26 14:33:11,146 INFO o.a.j.t.JMeterThread: Thread started: Thread Group 2 - rare-wildcard 2-1
2023-08-26 14:33:11,146 INFO o.a.j.t.ThreadGroup: Started thread group number 3
2023-08-26 14:33:11,147 INFO o.a.j.e.StandardJMeterEngine: Starting ThreadGroup: 4 : Thread Group 4- tstats2
2023-08-26 14:33:11,147 INFO o.a.j.e.StandardJMeterEngine: Starting 1 threads for group Thread Group 4- tstats2.
2023-08-26 14:33:11,147 INFO o.a.j.e.StandardJMeterEngine: Thread will continue on error
2023-08-26 14:33:11,147 INFO o.a.j.t.ThreadGroup: Starting thread group... number=4 threads=1 ramp-up=1 delayedStart=false
2023-08-26 14:33:11,147 INFO o.a.j.t.JMeterThread: Thread started: Thread Group 3- tstats1 3-1
2023-08-26 14:33:11,148 INFO o.a.j.t.ThreadGroup: Started thread group number 4
2023-08-26 14:33:11,148 INFO o.a.j.e.StandardJMeterEngine: Starting ThreadGroup: 5 : Thread Group 6- dense-raw
2023-08-26 14:33:11,148 INFO o.a.j.e.StandardJMeterEngine: Starting 1 threads for group Thread Group 6- dense-raw.
2023-08-26 14:33:11,148 INFO o.a.j.e.StandardJMeterEngine: Thread will continue on error
2023-08-26 14:33:11,148 INFO o.a.j.t.ThreadGroup: Starting thread group... number=5 threads=1 ramp-up=1 delayedStart=false
2023-08-26 14:33:11,148 INFO o.a.j.t.JMeterThread: Thread started: Thread Group 4- tstats2 4-1
2023-08-26 14:33:11,149 INFO o.a.j.t.ThreadGroup: Started thread group number 5
2023-08-26 14:33:11,149 INFO o.a.j.e.StandardJMeterEngine: Starting ThreadGroup: 6 : Thread Group 7- dense-indexed
2023-08-26 14:33:11,149 INFO o.a.j.e.StandardJMeterEngine: Starting 1 threads for group Thread Group 7- dense-indexed.
2023-08-26 14:33:11,149 INFO o.a.j.e.StandardJMeterEngine: Thread will continue on error
2023-08-26 14:33:11,149 INFO o.a.j.t.ThreadGroup: Starting thread group... number=6 threads=1 ramp-up=1 delayedStart=false
2023-08-26 14:33:11,149 INFO o.a.j.t.JMeterThread: Thread started: Thread Group 6- dense-raw 5-1
2023-08-26 14:33:11,150 INFO o.a.j.t.ThreadGroup: Started thread group number 6
2023-08-26 14:33:11,150 INFO o.a.j.e.StandardJMeterEngine: Starting ThreadGroup: 7 : Thread Group 8- sparse-raw
2023-08-26 14:33:11,150 INFO o.a.j.e.StandardJMeterEngine: Starting 1 threads for group Thread Group 8- sparse-raw.
2023-08-26 14:33:11,150 INFO o.a.j.e.StandardJMeterEngine: Thread will continue on error
2023-08-26 14:33:11,150 INFO o.a.j.t.ThreadGroup: Starting thread group... number=7 threads=1 ramp-up=1 delayedStart=false
2023-08-26 14:33:11,150 INFO o.a.j.t.JMeterThread: Thread started: Thread Group 7- dense-indexed 6-1
2023-08-26 14:33:11,150 INFO o.a.j.t.ThreadGroup: Started thread group number 7
2023-08-26 14:33:11,151 INFO o.a.j.e.StandardJMeterEngine: Starting ThreadGroup: 8 : Thread Group 9- sparse-indexed
2023-08-26 14:33:11,151 INFO o.a.j.e.StandardJMeterEngine: Starting 1 threads for group Thread Group 9- sparse-indexed.
2023-08-26 14:33:11,151 INFO o.a.j.e.StandardJMeterEngine: Thread will continue on error
2023-08-26 14:33:11,151 INFO o.a.j.t.ThreadGroup: Starting thread group... number=8 threads=1 ramp-up=1 delayedStart=false
2023-08-26 14:33:11,151 INFO o.a.j.t.JMeterThread: Thread started: Thread Group 8- sparse-raw 7-1
2023-08-26 14:33:11,151 INFO o.a.j.t.ThreadGroup: Started thread group number 8
2023-08-26 14:33:11,151 INFO o.a.j.e.StandardJMeterEngine: All thread groups have been started
2023-08-26 14:33:11,152 INFO o.a.j.t.JMeterThread: Thread started: Thread Group 9- sparse-indexed 8-1
2023-08-26 14:33:11,160 INFO o.a.j.p.h.s.HTTPHCAbstractImpl: Local host = ip-172-31-15-178.ec2.internal
2023-08-26 14:33:11,165 INFO o.a.j.p.h.s.HTTPHC4Impl: HTTP request retry count = 0
2023-08-26 14:33:11,167 INFO o.a.j.s.SampleResult: Note: Sample TimeStamps are START times
2023-08-26 14:33:11,167 INFO o.a.j.s.SampleResult: sampleresult.default.encoding is set to UTF-8
2023-08-26 14:33:11,167 INFO o.a.j.s.SampleResult: sampleresult.useNanoTime=true
2023-08-26 14:33:11,167 INFO o.a.j.s.SampleResult: sampleresult.nanoThreadSleep=5000
2023-08-26 14:33:11,272 INFO o.a.j.p.h.s.h.LazyLayeredConnectionSocketFactory: Setting up HTTPS TrustAll Socket Factory
2023-08-26 14:33:11,277 INFO o.a.j.u.JsseSSLManager: Using default SSL protocol: TLS
2023-08-26 14:33:11,277 INFO o.a.j.u.JsseSSLManager: SSL session context: per-thread
2023-08-26 14:33:11,331 INFO o.a.j.u.SSLManager: JmeterKeyStore Location:  type JKS
2023-08-26 14:33:11,333 INFO o.a.j.u.SSLManager: KeyStore created OK
2023-08-26 14:33:11,333 WARN o.a.j.u.SSLManager: Keystore file not found, loading empty keystore
2023-08-26 14:33:12,854 INFO o.a.j.t.JMeterThread: Thread is done: Thread Group 2 - rare-wildcard 2-1
2023-08-26 14:33:12,854 INFO o.a.j.t.JMeterThread: Thread finished: Thread Group 2 - rare-wildcard 2-1
2023-08-26 14:33:12,870 INFO o.a.j.t.JMeterThread: Thread is done: Thread Group 1 -  rare-exact 1-1
2023-08-26 14:33:12,870 INFO o.a.j.t.JMeterThread: Thread finished: Thread Group 1 -  rare-exact 1-1
2023-08-26 14:33:16,656 INFO o.a.j.t.JMeterThread: Thread is done: Thread Group 9- sparse-indexed 8-1
2023-08-26 14:33:16,656 INFO o.a.j.t.JMeterThread: Thread finished: Thread Group 9- sparse-indexed 8-1
2023-08-26 14:33:22,180 INFO o.a.j.t.JMeterThread: Thread is done: Thread Group 3- tstats1 3-1
2023-08-26 14:33:22,180 INFO o.a.j.t.JMeterThread: Thread finished: Thread Group 3- tstats1 3-1
2023-08-26 14:33:22,498 INFO o.a.j.t.JMeterThread: Thread is done: Thread Group 4- tstats2 4-1
2023-08-26 14:33:22,498 INFO o.a.j.t.JMeterThread: Thread finished: Thread Group 4- tstats2 4-1
2023-08-26 14:33:36,230 INFO o.a.j.t.JMeterThread: Thread is done: Thread Group 8- sparse-raw 7-1
2023-08-26 14:33:36,230 INFO o.a.j.t.JMeterThread: Thread finished: Thread Group 8- sparse-raw 7-1
2023-08-26 14:34:08,732 INFO o.a.j.t.JMeterThread: Thread is done: Thread Group 7- dense-indexed 6-1
2023-08-26 14:34:08,732 INFO o.a.j.t.JMeterThread: Thread finished: Thread Group 7- dense-indexed 6-1
2023-08-26 14:35:12,766 INFO o.a.j.t.JMeterThread: Thread is done: Thread Group 6- dense-raw 5-1
2023-08-26 14:35:12,766 INFO o.a.j.t.JMeterThread: Thread finished: Thread Group 6- dense-raw 5-1
2023-08-26 14:35:12,766 INFO o.a.j.e.StandardJMeterEngine: Notifying test listeners of end of test
2023-08-26 14:35:12,770 INFO o.a.j.r.Summariser: summary =     24 in 00:02:02 =    0.2/s Avg:  9785 Min:     9 Max: 121356 Err:     0 (0.00%)
